<?xml version="1.0" encoding="UTF-8"?>
<!-- Generated by org.testng.reporters.JUnitReportReporter -->
<testsuite skipped="0" hostname="LAPTOP-Q7E05486" name="com.mt.app.tests.ExcelData" tests="1" failures="0" timestamp="2021-12-10T14:20:00 IST" time="0.822" errors="0">
  <testcase name="getData" time="0.822" classname="com.mt.app.tests.ExcelData"/>
  <system-out/>
</testsuite> <!-- com.mt.app.tests.ExcelData -->
