<?xml version="1.0" encoding="UTF-8"?>
<!-- Generated by org.testng.reporters.JUnitReportReporter -->
<testsuite skipped="0" hostname="LAPTOP-Q7E05486" name="com.mt.app.tests.MarqueryTourTest" tests="2" failures="0" timestamp="2021-10-21T15:00:37 IST" time="9.460" errors="0">
  <testcase name="Registarion" time="5.528" classname="com.mt.app.tests.MarqueryTourTest"/>
  <system-out/>
  <testcase name="loginDemo" time="3.932" classname="com.mt.app.tests.MarqueryTourTest"/>
  <system-out/>
</testsuite> <!-- com.mt.app.tests.MarqueryTourTest -->
